<?xml version="1.0" encoding="UTF-8"?>
<testsuite name="com.hackerrank.sample.HttpJsonDynamicUnitTest" time="0.328000" tests="2" errors="0" skipped="0" failures="2">
    <testcase name="Get all models" classname="com.hackerrank.sample.HttpJsonDynamicUnitTest" time="0.323000">
        <failure>
            Status code
        </failure>
    </testcase>
    <testcase name="Delete model by id" classname="com.hackerrank.sample.HttpJsonDynamicUnitTest" time="0.005000">
        <failure>
            Status code
        </failure>
    </testcase>
</testsuite>
